[debug] [2024-04-22T23:14:19.262Z] ----------------------------------------------------------------------
[debug] [2024-04-22T23:14:19.265Z] Command:       /usr/local/bin/node /usr/local/bin/firebase init
[debug] [2024-04-22T23:14:19.265Z] CLI Version:   13.7.3
[debug] [2024-04-22T23:14:19.265Z] Platform:      darwin
[debug] [2024-04-22T23:14:19.265Z] Node Version:  v21.5.0
[debug] [2024-04-22T23:14:19.265Z] Time:          Mon Apr 22 2024 17:14:19 GMT-0600 (Central Standard Time)
[debug] [2024-04-22T23:14:19.266Z] ----------------------------------------------------------------------
[debug] 
[debug] [2024-04-22T23:14:19.274Z] > command requires scopes: ["email","openid","https://www.googleapis.com/auth/cloudplatformprojects.readonly","https://www.googleapis.com/auth/firebase","https://www.googleapis.com/auth/cloud-platform"]
[debug] [2024-04-22T23:14:19.274Z] > authorizing via signed-in user (aramhek121@gmail.com)
[info] 
     ######## #### ########  ######## ########     ###     ######  ########
     ##        ##  ##     ## ##       ##     ##  ##   ##  ##       ##
     ######    ##  ########  ######   ########  #########  ######  ######
     ##        ##  ##    ##  ##       ##     ## ##     ##       ## ##
     ##       #### ##     ## ######## ########  ##     ##  ######  ########

You're about to initialize a Firebase project in this directory:

  /Users/aramhekimian/repos/firebase-project

[info] 
=== Project Setup
[info] 
[info] First, let's associate this project directory with a Firebase project.
[info] You can create multiple project aliases by running firebase use --add, 
[info] but for now we'll just set up a default project.
[info] 
[debug] [2024-04-22T23:14:42.210Z] >>> [apiv2][query] GET https://firebase.googleapis.com/v1beta1/projects pageSize=100
[debug] [2024-04-22T23:14:42.760Z] <<< [apiv2][status] GET https://firebase.googleapis.com/v1beta1/projects 200
[debug] [2024-04-22T23:14:42.760Z] <<< [apiv2][body] GET https://firebase.googleapis.com/v1beta1/projects [omitted]
[info] i  Using project fir-course-8533e (Firebase-course) 
[info] 
=== Hosting Setup
[debug] [2024-04-22T23:14:45.225Z] >>> [apiv2][query] GET https://firebase.googleapis.com/v1beta1/projects/fir-course-8533e [none]
[debug] [2024-04-22T23:14:45.362Z] <<< [apiv2][status] GET https://firebase.googleapis.com/v1beta1/projects/fir-course-8533e 200
[debug] [2024-04-22T23:14:45.362Z] <<< [apiv2][body] GET https://firebase.googleapis.com/v1beta1/projects/fir-course-8533e {"projectId":"fir-course-8533e","projectNumber":"656687860430","displayName":"Firebase-course","name":"projects/fir-course-8533e","resources":{"hostingSite":"fir-course-8533e","storageBucket":"fir-course-8533e.appspot.com","locationId":"us-central"},"state":"ACTIVE","etag":"1_5b973de3-880f-41e1-8be5-de32daf43a08"}
[info] 
[info] Your public directory is the folder (relative to your project directory) that
[info] will contain Hosting assets to be uploaded with firebase deploy. If you
[info] have a build process for your assets, use your build's output directory.
[info] 
[info] ✔  Wrote public/404.html 
[debug] [2024-04-22T23:15:53.310Z] >>> [apiv2][query] GET https://www.gstatic.com/firebasejs/releases.json [none]
[debug] [2024-04-22T23:15:53.679Z] <<< [apiv2][status] GET https://www.gstatic.com/firebasejs/releases.json 200
[debug] [2024-04-22T23:15:53.680Z] <<< [apiv2][body] GET https://www.gstatic.com/firebasejs/releases.json {"current":{"version":"10.11.0","browserURL":"https://www.gstatic.com/firebasejs/10.11.0/firebase.js","packageURL":"https://www.gstatic.com/firebasejs/10.11.0/firebase.tgz"},"live":{"version":"10.11","browserURL":"https://www.gstatic.com/firebasejs/live/10.11/firebase.js","packageURL":"https://www.gstatic.com/firebasejs/live/10.11/firebase.tgz"},"components":{"analytics":"https://www.gstatic.com/firebasejs/10.11.0/firebase-analytics.js","app":"https://www.gstatic.com/firebasejs/10.11.0/firebase-app.js","app-check":"https://www.gstatic.com/firebasejs/10.11.0/firebase-app-check.js","auth":"https://www.gstatic.com/firebasejs/10.11.0/firebase-auth.js","auth/cordova":"https://www.gstatic.com/firebasejs/10.11.0/firebase-auth/cordova.js","auth/web-extension":"https://www.gstatic.com/firebasejs/10.11.0/firebase-auth/web-extension.js","functions":"https://www.gstatic.com/firebasejs/10.11.0/firebase-functions.js","firestore":"https://www.gstatic.com/firebasejs/10.11.0/firebase-firestore.js","firestore/lite":"https://www.gstatic.com/firebasejs/10.11.0/firebase-firestore/lite.js","installations":"https://www.gstatic.com/firebasejs/10.11.0/firebase-installations.js","storage":"https://www.gstatic.com/firebasejs/10.11.0/firebase-storage.js","performance":"https://www.gstatic.com/firebasejs/10.11.0/firebase-performance.js","remote-config":"https://www.gstatic.com/firebasejs/10.11.0/firebase-remote-config.js","messaging":"https://www.gstatic.com/firebasejs/10.11.0/firebase-messaging.js","messaging/sw":"https://www.gstatic.com/firebasejs/10.11.0/firebase-messaging/sw.js","database":"https://www.gstatic.com/firebasejs/10.11.0/firebase-database.js","firestore.memory":"https://www.gstatic.com/firebasejs/10.11.0/firebase-firestore.memory.js"}}
[info] i  Skipping write of public/index.html 
[info] 
[info] i  Detected a .git folder at /Users/aramhekimian/repos/firebase-project 
[info] i  Authorizing with GitHub to upload your service account to a GitHub repository's secrets store. 
[info] 
[info] Visit this URL on this device to log in:
[info] https://github.com/login/oauth/authorize?client_id=89cf50f02ac6aaed3484&state=262901718&redirect_uri=http%3A%2F%2Flocalhost%3A9005&scope=read%3Auser%20repo%20public_repo
[info] 
[info] Waiting for authentication...
[debug] [2024-04-22T23:16:16.435Z] >>> [apiv2][query] POST https://github.com/login/oauth/access_token [none]
[debug] [2024-04-22T23:16:16.435Z] >>> [apiv2][body] POST https://github.com/login/oauth/access_token [stream]
[debug] [2024-04-22T23:16:17.127Z] <<< [apiv2][status] POST https://github.com/login/oauth/access_token 200
[debug] [2024-04-22T23:16:17.127Z] <<< [apiv2][body] POST https://github.com/login/oauth/access_token {"access_token":"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","token_type":"bearer","scope":"read:user,repo"}
[debug] [2024-04-22T23:16:17.134Z] >>> [apiv2][query] GET https://api.github.com/user [none]
[debug] [2024-04-22T23:16:17.606Z] <<< [apiv2][status] GET https://api.github.com/user 200
[debug] [2024-04-22T23:16:17.606Z] <<< [apiv2][body] GET https://api.github.com/user {"login":"Hekimianz","id":97762477,"node_id":"U_kgDOBdO8rQ","avatar_url":"https://avatars.githubusercontent.com/u/97762477?v=4","gravatar_id":"","url":"https://api.github.com/users/Hekimianz","html_url":"https://github.com/Hekimianz","followers_url":"https://api.github.com/users/Hekimianz/followers","following_url":"https://api.github.com/users/Hekimianz/following{/other_user}","gists_url":"https://api.github.com/users/Hekimianz/gists{/gist_id}","starred_url":"https://api.github.com/users/Hekimianz/starred{/owner}{/repo}","subscriptions_url":"https://api.github.com/users/Hekimianz/subscriptions","organizations_url":"https://api.github.com/users/Hekimianz/orgs","repos_url":"https://api.github.com/users/Hekimianz/repos","events_url":"https://api.github.com/users/Hekimianz/events{/privacy}","received_events_url":"https://api.github.com/users/Hekimianz/received_events","type":"User","site_admin":false,"name":"Aram Hekimian","company":null,"blog":"","location":null,"email":null,"hireable":null,"bio":null,"twitter_username":null,"public_repos":74,"public_gists":0,"followers":0,"following":0,"created_at":"2022-01-14T20:24:10Z","updated_at":"2024-04-22T20:09:46Z","private_gists":0,"total_private_repos":0,"owned_private_repos":0,"disk_usage":775108,"collaborators":0,"two_factor_authentication":false,"plan":{"name":"free","space":976562499,"collaborators":0,"private_repos":10000}}
[info] 
[info] ✔  Success! Logged into GitHub as Hekimianz 
[info] 
